<?xml version="1.0" encoding="UTF-8"?>
<testng-results skipped="0" failed="0" ignored="0" total="1" passed="1">
  <reporter-output>
  </reporter-output>
  <suite name="Default suite" duration-ms="51" started-at="2020-08-02T18:25:38Z" finished-at="2020-08-02T18:25:38Z">
    <groups>
    </groups>
    <test name="Default test" duration-ms="51" started-at="2020-08-02T18:25:38Z" finished-at="2020-08-02T18:25:38Z">
      <class name="com.assessment.WeatherAPIStrings.HashMapQuestion1">
        <test-method status="PASS" signature="method()[pri:0, instance:com.assessment.WeatherAPIStrings.HashMapQuestion1@5442a311]" name="method" duration-ms="13" started-at="2020-08-02T18:25:38Z" finished-at="2020-08-02T18:25:38Z">
          <reporter-output>
          </reporter-output>
        </test-method> <!-- method -->
      </class> <!-- com.assessment.WeatherAPIStrings.HashMapQuestion1 -->
    </test> <!-- Default test -->
  </suite> <!-- Default suite -->
</testng-results>
